<?xml version="1.0" encoding="UTF-8"?>
<robot generator="Robot 5.0.1 (Python 3.9.13 on win32)" generated="20230703 19:08:20.438" rpa="false" schemaversion="3">
<suite id="s1" name="04 ParalelExecution" source="C:\Users\akhlaq.ahmed\OneDrive\Learn-Study\PublicRepository\Robot-Framework\GUI\04_ParalelExecution">
<suite id="s1-s1" name="03-SampleSuit three" source="C:\Users\akhlaq.ahmed\OneDrive\Learn-Study\PublicRepository\Robot-Framework\GUI\04_ParalelExecution\03-SampleSuit_three.robot">
<test id="s1-s1-t1" name="TC_ Testcase one" line="2">
<kw name="Log" library="BuiltIn">
<arg>TC040301 is being executed</arg>
<doc>Logs the given message with the given level.</doc>
<msg timestamp="20230703 19:08:20.482" level="INFO">TC040301 is being executed</msg>
<status status="PASS" starttime="20230703 19:08:20.482" endtime="20230703 19:08:20.482"/>
</kw>
<status status="PASS" starttime="20230703 19:08:20.481" endtime="20230703 19:08:20.482"/>
</test>
<test id="s1-s1-t2" name="TC_ Testcase Two" line="6">
<kw name="Log" library="BuiltIn">
<arg>TC040302 is being executed</arg>
<doc>Logs the given message with the given level.</doc>
<msg timestamp="20230703 19:08:20.511" level="INFO">TC040302 is being executed</msg>
<status status="PASS" starttime="20230703 19:08:20.510" endtime="20230703 19:08:20.511"/>
</kw>
<status status="PASS" starttime="20230703 19:08:20.483" endtime="20230703 19:08:20.511"/>
</test>
<test id="s1-s1-t3" name="TC_ Testcase Three" line="10">
<kw name="Log" library="BuiltIn">
<arg>TC040303 is being executed</arg>
<doc>Logs the given message with the given level.</doc>
<msg timestamp="20230703 19:08:20.513" level="INFO">TC040303 is being executed</msg>
<status status="PASS" starttime="20230703 19:08:20.512" endtime="20230703 19:08:20.513"/>
</kw>
<status status="PASS" starttime="20230703 19:08:20.511" endtime="20230703 19:08:20.513"/>
</test>
<status status="PASS" starttime="20230703 19:08:20.479" endtime="20230703 19:08:20.514"/>
</suite>
<status status="PASS" starttime="20230703 19:08:20.462" endtime="20230703 19:08:20.515"/>
</suite>
<statistics>
<total>
<stat pass="3" fail="0" skip="0">All Tests</stat>
</total>
<tag>
</tag>
<suite>
<stat pass="3" fail="0" skip="0" id="s1" name="04 ParalelExecution">04 ParalelExecution</stat>
<stat pass="3" fail="0" skip="0" id="s1-s1" name="03-SampleSuit three">04 ParalelExecution.03-SampleSuit three</stat>
</suite>
</statistics>
<errors>
</errors>
</robot>
