<?xml version="1.0" encoding="UTF-8"?>
<robot generator="Robot 5.0.1 (Python 3.9.13 on win32)" generated="20230703 19:08:20.426" rpa="false" schemaversion="3">
<suite id="s1" name="04 ParalelExecution" source="C:\Users\akhlaq.ahmed\OneDrive\Learn-Study\PublicRepository\Robot-Framework\GUI\04_ParalelExecution">
<suite id="s1-s1" name="01-SampleSuit one" source="C:\Users\akhlaq.ahmed\OneDrive\Learn-Study\PublicRepository\Robot-Framework\GUI\04_ParalelExecution\01-SampleSuit_one.robot">
<test id="s1-s1-t1" name="TC_ Testcase one" line="2">
<kw name="Log" library="BuiltIn">
<arg>TC040101 is being executed</arg>
<doc>Logs the given message with the given level.</doc>
<msg timestamp="20230703 19:08:20.471" level="INFO">TC040101 is being executed</msg>
<status status="PASS" starttime="20230703 19:08:20.470" endtime="20230703 19:08:20.471"/>
</kw>
<status status="PASS" starttime="20230703 19:08:20.470" endtime="20230703 19:08:20.471"/>
</test>
<test id="s1-s1-t2" name="TC_ Testcase Two" line="6">
<kw name="Log" library="BuiltIn">
<arg>TC040102 is being executed</arg>
<doc>Logs the given message with the given level.</doc>
<msg timestamp="20230703 19:08:20.510" level="INFO">TC040102 is being executed</msg>
<status status="PASS" starttime="20230703 19:08:20.510" endtime="20230703 19:08:20.511"/>
</kw>
<status status="PASS" starttime="20230703 19:08:20.472" endtime="20230703 19:08:20.511"/>
</test>
<test id="s1-s1-t3" name="TC_ Testcase Three" line="10">
<kw name="Log" library="BuiltIn">
<arg>TC040103 is being executed</arg>
<doc>Logs the given message with the given level.</doc>
<msg timestamp="20230703 19:08:20.512" level="INFO">TC040103 is being executed</msg>
<status status="PASS" starttime="20230703 19:08:20.511" endtime="20230703 19:08:20.512"/>
</kw>
<status status="PASS" starttime="20230703 19:08:20.511" endtime="20230703 19:08:20.512"/>
</test>
<status status="PASS" starttime="20230703 19:08:20.466" endtime="20230703 19:08:20.512"/>
</suite>
<status status="PASS" starttime="20230703 19:08:20.449" endtime="20230703 19:08:20.513"/>
</suite>
<statistics>
<total>
<stat pass="3" fail="0" skip="0">All Tests</stat>
</total>
<tag>
</tag>
<suite>
<stat pass="3" fail="0" skip="0" id="s1" name="04 ParalelExecution">04 ParalelExecution</stat>
<stat pass="3" fail="0" skip="0" id="s1-s1" name="01-SampleSuit one">04 ParalelExecution.01-SampleSuit one</stat>
</suite>
</statistics>
<errors>
</errors>
</robot>
